Sat Jun 06 14:49:17 2020 UTC - GameOverlay process started: pid: 10440
Sat Jun 06 14:49:17 2020 UTC - GameOverlay process connecting to: pid: 6844
Sat Jun 06 14:49:17 2020 UTC - BuildID: 1591251555
Sat Jun 06 14:49:17 2020 UTC - Steam Path: C:\Program Files (x86)\Steam
бс шўэ 06 14:49:17 2020 UTC - Got gameid on commandline: 730
бс шўэ 06 14:49:28 2020 UTC - Warning: The game hasn't rendered a frame from us in over 10 seconds
бс шўэ 06 14:49:39 2020 UTC - Warning: The game hasn't rendered a frame from us in over 10 seconds
бс шўэ 06 14:49:49 2020 UTC - Warning: The game hasn't rendered a frame from us in over 10 seconds
бс шўэ 06 14:50:00 2020 UTC - Warning: The game hasn't rendered a frame from us in over 10 seconds
бс шўэ 06 14:50:10 2020 UTC - Warning: The game hasn't rendered a frame from us in over 10 seconds
бс шўэ 06 14:50:31 2020 UTC - Warning: The game hasn't rendered a frame from us in over 10 seconds
бс шўэ 06 14:50:41 2020 UTC - Warning: The game hasn't rendered a frame from us in over 10 seconds
бс шўэ 06 14:50:52 2020 UTC - Warning: The game hasn't rendered a frame from us in over 10 seconds
бс шўэ 06 14:51:02 2020 UTC - Warning: The game hasn't rendered a frame from us in over 10 seconds
бс шўэ 06 14:51:13 2020 UTC - Warning: The game hasn't rendered a frame from us in over 10 seconds
бс шўэ 06 14:51:23 2020 UTC - Warning: The game hasn't rendered a frame from us in over 10 seconds
бс шўэ 06 14:51:34 2020 UTC - Warning: The game hasn't rendered a frame from us in over 10 seconds
бс шўэ 06 14:51:44 2020 UTC - Warning: The game hasn't rendered a frame from us in over 10 seconds
бс шўэ 06 14:51:54 2020 UTC - Warning: The game hasn't rendered a frame from us in over 10 seconds
бс шўэ 06 14:52:05 2020 UTC - Warning: The game hasn't rendered a frame from us in over 10 seconds
бс шўэ 06 14:52:15 2020 UTC - Warning: The game hasn't rendered a frame from us in over 10 seconds
бс шўэ 06 14:52:26 2020 UTC - Warning: The game hasn't rendered a frame from us in over 10 seconds
бс шўэ 06 14:52:36 2020 UTC - Warning: The game hasn't rendered a frame from us in over 10 seconds
бс шўэ 06 14:52:47 2020 UTC - Warning: The game hasn't rendered a frame from us in over 10 seconds
бс шўэ 06 15:18:58 2020 UTC - Warning: The game hasn't rendered a frame from us in over 10 seconds
бс шўэ 06 15:27:29 2020 UTC - Warning: The game hasn't rendered a frame from us in over 10 seconds
бс шўэ 06 15:27:39 2020 UTC - Warning: The game hasn't rendered a frame from us in over 10 seconds
бс шўэ 06 15:27:50 2020 UTC - Warning: The game hasn't rendered a frame from us in over 10 seconds
бс шўэ 06 16:21:30 2020 UTC - Overlay enable requested by game
бс шўэ 06 16:21:33 2020 UTC - Overlay disable requested by game
бс шўэ 06 16:21:48 2020 UTC - Detected possibly crashed/killed game, exiting
бс шўэ 06 16:21:48 2020 UTC - Shutting down overlay
